<?xml version="1.0" encoding="UTF-8"?>
<!-- Generated by org.testng.reporters.JUnitReportReporter -->
<testsuite skipped="0" hostname="DESKTOP-OFFDJR3" name="testScript.Test1" tests="1" failures="0" timestamp="04 Oct 2018 16:30:05 GMT" time="23.470" errors="0">
  <testcase name="FacebookTest" time="23.470" classname="testScript.Test1"/>
</testsuite> <!-- testScript.Test1 -->
